<?xml version="1.0" encoding="UTF-8"?>
<!-- Generated by org.testng.reporters.JUnitXMLReporter -->
<testsuite ignored="0" hostname="Anand" failures="0" tests="2" name="Default test" time="19.585" errors="0" timestamp="2024-08-11T23:35:03 IST">
  <testcase classname="rahulshettyacademy.SeleniumFrameworkDesign.Tests.ErrorValidationsTest" name="LogingInWithInvalidCred" time="1.906"/>
  <testcase classname="rahulshettyacademy.SeleniumFrameworkDesign.Tests.ErrorValidationsTest" name="ProductErrorValidations" time="13.317"/>
</testsuite> <!-- Default test -->
