<?xml version="1.0" encoding="UTF-8"?>
<!-- Generated by org.testng.reporters.JUnitXMLReporter -->
<testsuite ignored="0" hostname="Anand" failures="0" tests="2" name="OrderBooking" time="20.652" errors="0" timestamp="2024-08-11T23:14:44 IST">
  <testcase classname="rahulshettyacademy.SeleniumFrameworkDesign.Tests.OrderBookingTest" name="E2EBooking" time="13.397"/>
  <testcase classname="rahulshettyacademy.SeleniumFrameworkDesign.Tests.OrderBookingTest" name="OrderHistoryTest" time="0.6"/>
</testsuite> <!-- OrderBooking -->
