<?xml version="1.0" encoding="UTF-8"?>
<testng-results ignored="0" total="2" passed="2" failed="0" skipped="0">
  <reporter-output>
  </reporter-output>
  <suite started-at="2024-08-11T23:34:43 IST" name="Default suite" finished-at="2024-08-11T23:35:03 IST" duration-ms="19585">
    <groups>
    </groups>
    <test started-at="2024-08-11T23:34:43 IST" name="Default test" finished-at="2024-08-11T23:35:03 IST" duration-ms="19585">
      <class name="rahulshettyacademy.SeleniumFrameworkDesign.Tests.ErrorValidationsTest">
        <test-method is-config="true" signature="launchApplication()[pri:0, instance:rahulshettyacademy.SeleniumFrameworkDesign.Tests.ErrorValidationsTest@2c35e847]" started-at="2024-08-11T23:34:43 IST" name="launchApplication" finished-at="2024-08-11T23:34:45 IST" duration-ms="1616" status="PASS">
          <reporter-output>
          </reporter-output>
        </test-method> <!-- launchApplication -->
        <test-method signature="LogingInWithInvalidCred()[pri:0, instance:rahulshettyacademy.SeleniumFrameworkDesign.Tests.ErrorValidationsTest@2c35e847]" started-at="2024-08-11T23:34:45 IST" name="LogingInWithInvalidCred" finished-at="2024-08-11T23:34:47 IST" duration-ms="1906" status="PASS">
          <reporter-output>
          </reporter-output>
        </test-method> <!-- LogingInWithInvalidCred -->
        <test-method is-config="true" signature="teardown()[pri:0, instance:rahulshettyacademy.SeleniumFrameworkDesign.Tests.ErrorValidationsTest@2c35e847]" started-at="2024-08-11T23:34:47 IST" name="teardown" finished-at="2024-08-11T23:34:47 IST" duration-ms="56" status="PASS">
          <reporter-output>
          </reporter-output>
        </test-method> <!-- teardown -->
        <test-method is-config="true" signature="launchApplication()[pri:0, instance:rahulshettyacademy.SeleniumFrameworkDesign.Tests.ErrorValidationsTest@2c35e847]" started-at="2024-08-11T23:34:47 IST" name="launchApplication" finished-at="2024-08-11T23:34:49 IST" duration-ms="2542" status="PASS">
          <reporter-output>
          </reporter-output>
        </test-method> <!-- launchApplication -->
        <test-method signature="ProductErrorValidations()[pri:0, instance:rahulshettyacademy.SeleniumFrameworkDesign.Tests.ErrorValidationsTest@2c35e847]" started-at="2024-08-11T23:34:49 IST" name="ProductErrorValidations" finished-at="2024-08-11T23:35:03 IST" duration-ms="13317" status="PASS">
          <reporter-output>
          </reporter-output>
        </test-method> <!-- ProductErrorValidations -->
        <test-method is-config="true" signature="teardown()[pri:0, instance:rahulshettyacademy.SeleniumFrameworkDesign.Tests.ErrorValidationsTest@2c35e847]" started-at="2024-08-11T23:35:03 IST" name="teardown" finished-at="2024-08-11T23:35:03 IST" duration-ms="108" status="PASS">
          <reporter-output>
          </reporter-output>
        </test-method> <!-- teardown -->
      </class> <!-- rahulshettyacademy.SeleniumFrameworkDesign.Tests.ErrorValidationsTest -->
    </test> <!-- Default test -->
  </suite> <!-- Default suite -->
</testng-results>
